<?xml version="1.0" encoding="UTF-8"?>
<!-- Generated by org.testng.reporters.JUnitReportReporter -->
<testsuite hostname="ENE" failures="0" tests="1" name="intro1.op" time="15.106" errors="0" timestamp="2022-09-18T11:39:53 WAT" skipped="0">
  <testcase classname="intro1.op" name="ttp" time="15.106"/>
  <system-out/>
</testsuite> <!-- intro1.op -->
